<?xml version="1.0" encoding="UTF-8"?>
<!-- Generated by org.testng.reporters.JUnitXMLReporter -->
<testsuite ignored="0" hostname="Monals-MacBook-Pro-M1.local" failures="0" tests="2" name="Default test" time="53.427" errors="0" timestamp="2022-08-08T14:28:17 PDT">
  <testcase classname="org.rahulshettyacademy.eCommerce_tc_4_Hybrid" name="FillForm" time="17.77"/>
  <testcase classname="org.rahulshettyacademy.eCommerce_tc_4_Hybrid" name="FillForm" time="22.619"/>
</testsuite> <!-- Default test -->
