<?xml version="1.0" encoding="UTF-8"?>
<!-- Generated by org.testng.reporters.JUnitXMLReporter -->
<testsuite ignored="0" hostname="Monals-MacBook-Pro-M1.local" failures="0" tests="2" name="End to end Framework Test" time="50.206" errors="0" timestamp="2022-08-09T18:36:14 PDT">
  <testcase classname="org.rahulshettyacademy.eCommerce_tc_4_Hybrid" name="FillForm" time="20.152"/>
  <testcase classname="org.rahulshettyacademy.eCommerce_tc_4_Hybrid" name="FillForm" time="19.084"/>
</testsuite> <!-- End to end Framework Test -->
