<?xml version="1.0" encoding="UTF-8"?>
<!-- Generated by org.testng.reporters.JUnitXMLReporter -->
<testsuite ignored="2" hostname="Monals-MacBook-Pro-M1.local" failures="0" tests="0" time="0.001" errors="0" timestamp="2022-08-09T18:36:14 PDT">
  <testcase classname="org.rahulshettyacademy.eCommerce_tc_2" name="FillForm_ErrorValidation" time="0.0">
    <ignored/>
  </testcase> <!-- FillForm_ErrorValidation -->
  <testcase classname="org.rahulshettyacademy.eCommerce_tc_2" name="FillForm_PositiveFlow" time="0.0">
    <ignored/>
  </testcase> <!-- FillForm_PositiveFlow -->
</testsuite>
