<?xml version="1.0" encoding="UTF-8"?>
<testng-results ignored="3" total="5" passed="2" failed="0" skipped="0">
  <reporter-output>
  </reporter-output>
  <suite started-at="2022-08-09T18:35:23 PDT" name="Suite" finished-at="2022-08-09T18:36:14 PDT" duration-ms="50816">
    <groups>
      <group name="Smoke">
        <method signature="eCommerce_tc_4_Hybrid.FillForm(java.util.HashMap)[pri:0, instance:org.rahulshettyacademy.eCommerce_tc_4_Hybrid@332796d3]" name="FillForm" class="org.rahulshettyacademy.eCommerce_tc_4_Hybrid"/>
      </group> <!-- Smoke -->
    </groups>
    <test started-at="2022-08-09T18:35:23 PDT" name="End to end Framework Test" finished-at="2022-08-09T18:36:13 PDT" duration-ms="50206">
      <class name="org.rahulshettyacademy.eCommerce_tc_4_Hybrid">
        <test-method is-config="true" signature="configureAppium()[pri:0, instance:org.rahulshettyacademy.eCommerce_tc_4_Hybrid@332796d3]" started-at="2022-08-09T18:35:23 PDT" name="configureAppium" finished-at="2022-08-09T18:35:29 PDT" duration-ms="5569" status="PASS">
          <reporter-output>
          </reporter-output>
        </test-method> <!-- configureAppium -->
        <test-method is-config="true" signature="preSetup()[pri:0, instance:org.rahulshettyacademy.eCommerce_tc_4_Hybrid@332796d3]" started-at="2022-08-09T18:35:29 PDT" name="preSetup" finished-at="2022-08-09T18:35:30 PDT" duration-ms="670" status="PASS">
          <reporter-output>
          </reporter-output>
        </test-method> <!-- preSetup -->
        <test-method signature="FillForm(java.util.HashMap)[pri:0, instance:org.rahulshettyacademy.eCommerce_tc_4_Hybrid@332796d3]" started-at="2022-08-09T18:35:30 PDT" name="FillForm" data-provider="getData" finished-at="2022-08-09T18:35:50 PDT" duration-ms="20152" status="PASS">
          <params>
            <param index="0">
              <value>
                <![CDATA[{name=Monk, country=Argentina, gender=female}]]>
              </value>
            </param>
          </params>
          <reporter-output>
          </reporter-output>
        </test-method> <!-- FillForm -->
        <test-method is-config="true" signature="preSetup()[pri:0, instance:org.rahulshettyacademy.eCommerce_tc_4_Hybrid@332796d3]" started-at="2022-08-09T18:35:50 PDT" name="preSetup" finished-at="2022-08-09T18:35:51 PDT" duration-ms="666" status="PASS">
          <reporter-output>
          </reporter-output>
        </test-method> <!-- preSetup -->
        <test-method signature="FillForm(java.util.HashMap)[pri:0, instance:org.rahulshettyacademy.eCommerce_tc_4_Hybrid@332796d3]" started-at="2022-08-09T18:35:51 PDT" name="FillForm" data-provider="getData" finished-at="2022-08-09T18:36:10 PDT" duration-ms="19084" status="PASS">
          <params>
            <param index="0">
              <value>
                <![CDATA[{name=shetty A, country=Argentina, gender=male}]]>
              </value>
            </param>
          </params>
          <reporter-output>
          </reporter-output>
        </test-method> <!-- FillForm -->
        <test-method is-config="true" signature="tearDown()[pri:0, instance:org.rahulshettyacademy.eCommerce_tc_4_Hybrid@332796d3]" started-at="2022-08-09T18:36:10 PDT" name="tearDown" finished-at="2022-08-09T18:36:13 PDT" duration-ms="3574" status="PASS">
          <reporter-output>
          </reporter-output>
        </test-method> <!-- tearDown -->
      </class> <!-- org.rahulshettyacademy.eCommerce_tc_4_Hybrid -->
    </test> <!-- End to end Framework Test -->
    <test started-at="2022-08-09T18:36:14 PDT" name="Error Validations Test" finished-at="2022-08-09T18:36:14 PDT" duration-ms="1">
    </test> <!-- Error Validations Test -->
    <test started-at="2022-08-09T18:36:14 PDT" name="IOS Test" finished-at="2022-08-09T18:36:14 PDT" duration-ms="0">
    </test> <!-- IOS Test -->
  </suite> <!-- Suite -->
</testng-results>
